{
  "RSpec": {
    "coverage": {
      "/Users/Fluff/projects/makersAcademy/Makers_BnB/olliechris/makers-airbnb/spec/features/add_available_dates_spec.rb": [
        1,
        null,
        1,
        3,
        3,
        null,
        null,
        1,
        1,
        1,
        null,
        null,
        1,
        1,
        1,
        1,
        1,
        null,
        null,
        1,
        1,
        1,
        1,
        1,
        1,
        1,
        1,
        1,
        1,
        1,
        null,
        null,
        null,
        null
      ],
      "/Users/Fluff/projects/makersAcademy/Makers_BnB/olliechris/makers-airbnb/spec/features/approving_bookings_spec.rb": [
        1,
        null,
        1,
        4,
        4,
        4,
        4,
        4,
        4,
        4,
        4,
        null,
        null,
        1,
        1,
        1,
        1,
        null,
        null,
        1,
        1,
        1,
        1,
        null,
        1,
        1,
        1,
        null,
        1,
        1,
        1,
        null,
        null,
        null,
        1,
        1,
        1,
        4,
        null,
        null,
        1,
        1,
        1,
        1,
        1,
        1,
        1,
        null,
        null,
        null,
        null
      ],
      "/Users/Fluff/projects/makersAcademy/Makers_BnB/olliechris/makers-airbnb/spec/features/cannot_book_unavailable_date_spec.rb": [
        1,
        null,
        1,
        1,
        1,
        1,
        1,
        1,
        null,
        null,
        1,
        1,
        1,
        1,
        null,
        null,
        null,
        null
      ],
      "/Users/Fluff/projects/makersAcademy/Makers_BnB/olliechris/makers-airbnb/spec/features/make_booking_request_spec.rb": [
        1,
        null,
        1,
        2,
        2,
        2,
        null,
        null,
        1,
        1,
        1,
        1,
        1,
        1,
        1,
        null,
        null,
        1,
        1,
        1,
        1,
        null,
        null,
        null
      ],
      "/Users/Fluff/projects/makersAcademy/Makers_BnB/olliechris/makers-airbnb/spec/features/only_logged_in_users_can_post_spaces_spec.rb": [
        1,
        null,
        1,
        1,
        1,
        1,
        1,
        4,
        null,
        null,
        1,
        1,
        1,
        null,
        null,
        1,
        1,
        1,
        null,
        null,
        null,
        null
      ],
      "/Users/Fluff/projects/makersAcademy/Makers_BnB/olliechris/makers-airbnb/spec/features/rejecting_bookings_spec.rb": [
        1,
        null,
        1,
        1,
        1,
        1,
        1,
        1,
        1,
        1,
        1,
        null,
        null,
        1,
        1,
        1,
        1,
        null,
        1,
        1,
        1,
        null,
        1,
        1,
        1,
        1,
        null,
        null,
        null,
        null
      ],
      "/Users/Fluff/projects/makersAcademy/Makers_BnB/olliechris/makers-airbnb/spec/features/renter_see_available_dates_spec.rb": [
        1,
        null,
        1,
        1,
        1,
        1,
        1,
        1,
        1,
        null,
        null,
        1,
        1,
        null,
        null,
        null
      ],
      "/Users/Fluff/projects/makersAcademy/Makers_BnB/olliechris/makers-airbnb/spec/features/show_user_requests_spec.rb": [
        1,
        null,
        1,
        1,
        1,
        1,
        1,
        1,
        1,
        null,
        null,
        1,
        1,
        1,
        1,
        null,
        null,
        null
      ],
      "/Users/Fluff/projects/makersAcademy/Makers_BnB/olliechris/makers-airbnb/spec/features/sign_in_spec.rb": [
        1,
        1,
        1,
        null,
        null,
        null,
        null,
        null,
        1,
        1,
        1,
        null,
        null
      ],
      "/Users/Fluff/projects/makersAcademy/Makers_BnB/olliechris/makers-airbnb/spec/features/sign_out_spec.rb": [
        1,
        1,
        1,
        null,
        null,
        null,
        null,
        null,
        1,
        1,
        1,
        1,
        null,
        null
      ],
      "/Users/Fluff/projects/makersAcademy/Makers_BnB/olliechris/makers-airbnb/spec/features/sign_up_spec.rb": [
        1,
        null,
        1,
        2,
        1,
        null,
        null,
        1,
        2,
        1,
        null,
        null,
        1,
        2,
        1,
        null,
        null,
        1,
        1,
        1,
        1,
        1,
        null,
        null,
        1,
        2,
        null,
        null,
        1,
        2,
        null,
        null,
        1,
        1,
        2,
        1,
        null,
        null,
        null
      ],
      "/Users/Fluff/projects/makersAcademy/Makers_BnB/olliechris/makers-airbnb/spec/features/viewing_individual_spaces_spec.rb": [
        1,
        null,
        1,
        1,
        1,
        1,
        1,
        1,
        1,
        1,
        null,
        null,
        null
      ],
      "/Users/Fluff/projects/makersAcademy/Makers_BnB/olliechris/makers-airbnb/spec/features/viewing_listing_spec.rb": [
        1,
        null,
        1,
        1,
        null,
        null,
        null,
        1,
        null,
        null,
        null,
        null,
        null,
        null,
        1,
        1,
        1,
        null,
        null,
        null
      ]
    },
    "timestamp": 1463740510
  }
}
